<?xml version="1.0" encoding="UTF-8"?>
<!-- Generated by org.testng.reporters.JUnitXMLReporter -->
<testsuite ignored="0" hostname="Madhiseelans-MacBook-Air.local" failures="0" tests="3" name="Default test" time="3.751" errors="0" timestamp="2025-09-18T14:45:56 EDT">
  <testcase classname="com.demorestassured.DynamicJson" name="addBook" time="1.766"/>
  <testcase classname="com.demorestassured.DynamicJson" name="addBook" time="0.948"/>
  <testcase classname="com.demorestassured.DynamicJson" name="addBook" time="1.01"/>
</testsuite> <!-- Default test -->
