<?xml version="1.0" encoding="UTF-8"?>
<testng-results ignored="0" total="3" passed="3" failed="0" skipped="0">
  <reporter-output>
  </reporter-output>
  <suite started-at="2025-09-18T14:45:48 EDT" name="Default suite" finished-at="2025-09-18T14:45:51 EDT" duration-ms="3751">
    <groups>
    </groups>
    <test started-at="2025-09-18T14:45:48 EDT" name="Default test" finished-at="2025-09-18T14:45:51 EDT" duration-ms="3751">
      <class name="com.demorestassured.DynamicJson">
        <test-method signature="addBook(java.lang.String,java.lang.String)[pri:0, instance:com.demorestassured.DynamicJson@75437611]" started-at="2025-09-18T14:45:48 EDT" name="addBook" data-provider="BooksData" finished-at="2025-09-18T14:45:49 EDT" duration-ms="1766" status="PASS">
          <params>
            <param index="0">
              <value>
                <![CDATA[isbgghhdsd]]>
              </value>
            </param>
            <param index="1">
              <value>
                <![CDATA[8678687]]>
              </value>
            </param>
          </params>
          <reporter-output>
          </reporter-output>
        </test-method> <!-- addBook -->
        <test-method signature="addBook(java.lang.String,java.lang.String)[pri:0, instance:com.demorestassured.DynamicJson@75437611]" started-at="2025-09-18T14:45:49 EDT" name="addBook" data-provider="BooksData" finished-at="2025-09-18T14:45:50 EDT" duration-ms="948" status="PASS">
          <params>
            <param index="0">
              <value>
                <![CDATA[isbuuytdsd]]>
              </value>
            </param>
            <param index="1">
              <value>
                <![CDATA[8678687]]>
              </value>
            </param>
          </params>
          <reporter-output>
          </reporter-output>
        </test-method> <!-- addBook -->
        <test-method signature="addBook(java.lang.String,java.lang.String)[pri:0, instance:com.demorestassured.DynamicJson@75437611]" started-at="2025-09-18T14:45:50 EDT" name="addBook" data-provider="BooksData" finished-at="2025-09-18T14:45:51 EDT" duration-ms="1010" status="PASS">
          <params>
            <param index="0">
              <value>
                <![CDATA[isboofgdsd]]>
              </value>
            </param>
            <param index="1">
              <value>
                <![CDATA[8678687]]>
              </value>
            </param>
          </params>
          <reporter-output>
          </reporter-output>
        </test-method> <!-- addBook -->
      </class> <!-- com.demorestassured.DynamicJson -->
    </test> <!-- Default test -->
  </suite> <!-- Default suite -->
</testng-results>
